<?xml version="1.0" encoding="UTF-8"?>
<!-- Generated by org.testng.reporters.JUnitXMLReporter -->
<testsuite hostname="DESKTOP-OA49K1O" ignored="0" name="Test" tests="4" failures="0" timestamp="2020-05-06T16:15:42 IST" time="0.59" errors="0">
  <testcase name="deleteTwitter" time="0.176" classname="mavenstudy.Mavenjava.RESRAPITest"/>
  <testcase name="postJira" time="0.002" classname="mavenstudy.Mavenjava.RESRAPITest"/>
  <testcase name="iosApps" time="0.006" classname="mavenstudy.Mavenjava.AppiumTest"/>
  <testcase name="naiveAppAndroid" time="0.002" classname="mavenstudy.Mavenjava.AppiumTest"/>
</testsuite> <!-- Test -->
